Build started 2016/6/2 13:25:55.
     1>Project "E:\DEMO\14班\5-31HashTable\HashTable\HashTable\HashTable.vcxproj" on node 2 (Build target(s)).
     1>ClCompile:
         D:\Microsoft Visual Studio 12.0\VC\bin\CL.exe /c /ZI /nologo /W3 /WX- /sdl /Od /Oy- /D _MBCS /Gm /EHsc /RTC1 /MDd /GS /fp:precise /Zc:wchar_t /Zc:forScope /Fo"Debug\\" /Fd"Debug\vc120.pdb" /Gd /TP /analyze- /errorReport:prompt HashTable.cpp
         HashTable.cpp
     1>e:\demo\14班\5-31hashtable\hashtable\hashtable\hashtable.cpp(81): warning C4018: '<' : signed/unsigned mismatch
                 e:\demo\14班\5-31hashtable\hashtable\hashtable\hashtable.cpp(75) : while compiling class template member function 'HashTable<std::string,std::string,HashFunc<K,V>>::HashTable(size_t)'
                 with
                 [
                     K=std::string
         ,            V=std::string
                 ]
                 e:\demo\14班\5-31hashtable\hashtable\hashtable\hashtable.cpp(178) : see reference to function template instantiation 'HashTable<std::string,std::string,HashFunc<K,V>>::HashTable(size_t)' being compiled
                 with
                 [
                     K=std::string
         ,            V=std::string
                 ]
                 e:\demo\14班\5-31hashtable\hashtable\hashtable\hashtable.cpp(178) : see reference to class template instantiation 'HashTable<std::string,std::string,HashFunc<K,V>>' being compiled
                 with
                 [
                     K=std::string
         ,            V=std::string
                 ]
     1>e:\demo\14班\5-31hashtable\hashtable\hashtable\hashtable.cpp(159): warning C4018: '<' : signed/unsigned mismatch
                 e:\demo\14班\5-31hashtable\hashtable\hashtable\hashtable.cpp(155) : while compiling class template member function 'void HashTable<std::string,std::string,HashFunc<K,V>>::_CheckCapacity(void)'
                 with
                 [
                     K=std::string
         ,            V=std::string
                 ]
                 e:\demo\14班\5-31hashtable\hashtable\hashtable\hashtable.cpp(96) : see reference to function template instantiation 'void HashTable<std::string,std::string,HashFunc<K,V>>::_CheckCapacity(void)' being compiled
                 with
                 [
                     K=std::string
         ,            V=std::string
                 ]
       Link:
         D:\Microsoft Visual Studio 12.0\VC\bin\link.exe /ERRORREPORT:PROMPT /OUT:"E:\DEMO\14班\5-31HashTable\HashTable\Debug\HashTable.exe" /INCREMENTAL /NOLOGO kernel32.lib user32.lib gdi32.lib winspool.lib comdlg32.lib advapi32.lib shell32.lib ole32.lib oleaut32.lib uuid.lib odbc32.lib odbccp32.lib /MANIFEST /MANIFESTUAC:"level='asInvoker' uiAccess='false'" /manifest:embed /DEBUG /PDB:"E:\DEMO\14班\5-31HashTable\HashTable\Debug\HashTable.pdb" /TLBID:1 /DYNAMICBASE /NXCOMPAT /IMPLIB:"E:\DEMO\14班\5-31HashTable\HashTable\Debug\HashTable.lib" /MACHINE:X86 Debug\HashTable.obj
         HashTable.vcxproj -> E:\DEMO\14班\5-31HashTable\HashTable\Debug\HashTable.exe
     1>Done Building Project "E:\DEMO\14班\5-31HashTable\HashTable\HashTable\HashTable.vcxproj" (Build target(s)).

Build succeeded.

Time Elapsed 00:00:01.29
