Build started 2016/5/30 11:43:44.
     1>Project "E:\DEMO\14班\5-27MaxHeap\MaxHeap\MaxHeap\MaxHeap.vcxproj" on node 2 (Build target(s)).
     1>ClCompile:
         D:\Microsoft Visual Studio 12.0\VC\bin\CL.exe /c /ZI /nologo /W3 /WX- /sdl /Od /Oy- /D _MBCS /Gm /EHsc /RTC1 /MDd /GS /fp:precise /Zc:wchar_t /Zc:forScope /Fo"Debug\\" /Fd"Debug\vc120.pdb" /Gd /TP /analyze- /errorReport:prompt MaxHeap.cpp
         MaxHeap.cpp
     1>e:\demo\14班\5-27maxheap\maxheap\maxheap\maxheap.cpp(14): warning C4018: '<' : signed/unsigned mismatch
                 e:\demo\14班\5-27maxheap\maxheap\maxheap\maxheap.cpp(11) : while compiling class template member function 'Heap<int>::Heap(const T *,size_t)'
                 with
                 [
                     T=int
                 ]
                 e:\demo\14班\5-27maxheap\maxheap\maxheap\maxheap.cpp(121) : see reference to function template instantiation 'Heap<int>::Heap(const T *,size_t)' being compiled
                 with
                 [
                     T=int
                 ]
                 e:\demo\14班\5-27maxheap\maxheap\maxheap\maxheap.cpp(121) : see reference to class template instantiation 'Heap<int>' being compiled
     1>e:\demo\14班\5-27maxheap\maxheap\maxheap\maxheap.cpp(50): warning C4018: '<' : signed/unsigned mismatch
                 e:\demo\14班\5-27maxheap\maxheap\maxheap\maxheap.cpp(47) : while compiling class template member function 'void Heap<int>::_AdjustDown(std::vector<T,std::allocator<_Ty>> &,int,size_t)'
                 with
                 [
                     T=int
         ,            _Ty=int
                 ]
                 e:\demo\14班\5-27maxheap\maxheap\maxheap\maxheap.cpp(19) : see reference to function template instantiation 'void Heap<int>::_AdjustDown(std::vector<T,std::allocator<_Ty>> &,int,size_t)' being compiled
                 with
                 [
                     T=int
         ,            _Ty=int
                 ]
     1>e:\demo\14班\5-27maxheap\maxheap\maxheap\maxheap.cpp(52): warning C4018: '<' : signed/unsigned mismatch
       Link:
         D:\Microsoft Visual Studio 12.0\VC\bin\link.exe /ERRORREPORT:PROMPT /OUT:"E:\DEMO\14班\5-27MaxHeap\MaxHeap\Debug\MaxHeap.exe" /INCREMENTAL /NOLOGO kernel32.lib user32.lib gdi32.lib winspool.lib comdlg32.lib advapi32.lib shell32.lib ole32.lib oleaut32.lib uuid.lib odbc32.lib odbccp32.lib /MANIFEST /MANIFESTUAC:"level='asInvoker' uiAccess='false'" /manifest:embed /DEBUG /PDB:"E:\DEMO\14班\5-27MaxHeap\MaxHeap\Debug\MaxHeap.pdb" /TLBID:1 /DYNAMICBASE /NXCOMPAT /IMPLIB:"E:\DEMO\14班\5-27MaxHeap\MaxHeap\Debug\MaxHeap.lib" /MACHINE:X86 Debug\MaxHeap.obj
         MaxHeap.vcxproj -> E:\DEMO\14班\5-27MaxHeap\MaxHeap\Debug\MaxHeap.exe
     1>Done Building Project "E:\DEMO\14班\5-27MaxHeap\MaxHeap\MaxHeap\MaxHeap.vcxproj" (Build target(s)).

Build succeeded.

Time Elapsed 00:00:01.99
