Build started 2016/7/26 22:41:44.
     1>Project "E:\DEMO\14班\7-25BTree\BTree\BTree\BTree.vcxproj" on node 2 (Build target(s)).
     1>ClCompile:
         D:\Microsoft Visual Studio 12.0\VC\bin\CL.exe /c /ZI /nologo /W3 /WX- /sdl /Od /Oy- /D _MBCS /Gm /EHsc /RTC1 /MDd /GS /fp:precise /Zc:wchar_t /Zc:forScope /Fo"Debug\\" /Fd"Debug\vc120.pdb" /Gd /TP /analyze- /errorReport:prompt BTree.cpp
         BTree.cpp
     1>e:\demo\14班\7-25btree\btree\btree\btree.h(58): warning C4018: '<' : signed/unsigned mismatch
                 e:\demo\14班\7-25btree\btree\btree\btree.h(50) : while compiling class template member function 'Pair<BTreeNode<K,3> *,int> BTree<K,3>::Find(const K &)'
                 with
                 [
                     K=int
                 ]
                 e:\demo\14班\7-25btree\btree\btree\btree.h(120) : see reference to function template instantiation 'Pair<BTreeNode<K,3> *,int> BTree<K,3>::Find(const K &)' being compiled
                 with
                 [
                     K=int
                 ]
                 e:\demo\14班\7-25btree\btree\btree\btree.cpp(7) : see reference to class template instantiation 'BTree<int,3>' being compiled
     1>e:\demo\14班\7-25btree\btree\btree\btree.h(74): warning C4018: '>=' : signed/unsigned mismatch
     1>e:\demo\14班\7-25btree\btree\btree\btree.h(181): warning C4715: 'BTree<int,3>::Insert' : not all control paths return a value
       Link:
         D:\Microsoft Visual Studio 12.0\VC\bin\link.exe /ERRORREPORT:PROMPT /OUT:"E:\DEMO\14班\7-25BTree\BTree\Debug\BTree.exe" /INCREMENTAL /NOLOGO kernel32.lib user32.lib gdi32.lib winspool.lib comdlg32.lib advapi32.lib shell32.lib ole32.lib oleaut32.lib uuid.lib odbc32.lib odbccp32.lib /MANIFEST /MANIFESTUAC:"level='asInvoker' uiAccess='false'" /manifest:embed /DEBUG /PDB:"E:\DEMO\14班\7-25BTree\BTree\Debug\BTree.pdb" /TLBID:1 /DYNAMICBASE /NXCOMPAT /IMPLIB:"E:\DEMO\14班\7-25BTree\BTree\Debug\BTree.lib" /MACHINE:X86 Debug\BTree.obj
         BTree.vcxproj -> E:\DEMO\14班\7-25BTree\BTree\Debug\BTree.exe
     1>Done Building Project "E:\DEMO\14班\7-25BTree\BTree\BTree\BTree.vcxproj" (Build target(s)).

Build succeeded.

Time Elapsed 00:00:01.09
